<?xml version="1.0" encoding="UTF-8"?>
<!-- Generated by org.testng.reporters.JUnitXMLReporter -->
<testsuite hostname="MCC-RDEVWS10" name="End-End Test(failed)" tests="5" failures="0" timestamp="13 Feb 2020 07:13:04 GMT" time="1008.447" errors="0">
  <testcase name="ts02_AMTrust_flow_verify_InsuranceThing" time="84.846" classname="WorkesrCom_UI.TC115_InsHistoryChangeScenarios">
    <skipped/>
  </testcase> <!-- ts02_AMTrust_flow_verify_InsuranceThing -->
  <testcase name="ts02_AMTrust_flow_verify_InsuranceThing" time="80.228" classname="WorkesrCom_UI.TC115_InsHistoryChangeScenarios">
    <skipped/>
  </testcase> <!-- ts02_AMTrust_flow_verify_InsuranceThing -->
  <testcase name="ts02_AMTrust_flow_verify_InsuranceThing" time="364.282" classname="WorkesrCom_UI.TC115_InsHistoryChangeScenarios"/>
  <testcase name="ts04_additional_Address_ReferVerify" time="178.674" classname="WorkesrCom_UI.TC108_ReferalConditions"/>
  <testcase name="ts07_keyWord_ReferVerify" time="283.31" classname="WorkesrCom_UI.TC108_ReferalConditions"/>
</testsuite> <!-- End-End Test(failed) -->
