<?xml version="1.0" encoding="UTF-8"?>
<testng-results skipped="0" failed="1" ignored="0" total="1" passed="0">
  <reporter-output>
  </reporter-output>
  <suite name="Default suite" duration-ms="36891" started-at="2020-03-07T12:29:17Z" finished-at="2020-03-07T12:29:53Z">
    <groups>
    </groups>
    <test name="Default test" duration-ms="36891" started-at="2020-03-07T12:29:17Z" finished-at="2020-03-07T12:29:53Z">
      <class name="com.LegacyApplication.LoginPage.TC001_LoginAsAgency">
        <test-method status="PASS" signature="setup(java.lang.reflect.Method)[pri:0, instance:com.LegacyApplication.LoginPage.TC001_LoginAsAgency@38c5cc4c]" name="setup" is-config="true" duration-ms="13" started-at="2020-03-07T17:59:17Z" finished-at="2020-03-07T17:59:17Z">
          <params>
            <param index="0">
              <value>
                <![CDATA[public void com.LegacyApplication.LoginPage.TC001_LoginAsAgency.login_as_agency() throws java.io.IOException,java.awt.AWTException]]>
              </value>
            </param>
          </params>
          <reporter-output>
          </reporter-output>
        </test-method> <!-- setup -->
        <test-method status="FAIL" signature="login_as_agency()[pri:0, instance:com.LegacyApplication.LoginPage.TC001_LoginAsAgency@38c5cc4c]" name="login_as_agency" duration-ms="35805" started-at="2020-03-07T17:59:17Z" finished-at="2020-03-07T17:59:52Z">
          <exception class="java.lang.NullPointerException">
            <full-stacktrace>
              <![CDATA[java.lang.NullPointerException
	at sun.reflect.NativeMethodAccessorImpl.invoke0(Native Method)
	at sun.reflect.NativeMethodAccessorImpl.invoke(NativeMethodAccessorImpl.java:62)
	at sun.reflect.DelegatingMethodAccessorImpl.invoke(DelegatingMethodAccessorImpl.java:43)
	at java.lang.reflect.Method.invoke(Method.java:498)
	at org.openqa.selenium.support.pagefactory.internal.LocatingElementHandler.invoke(LocatingElementHandler.java:51)
	at com.sun.proxy.$Proxy11.click(Unknown Source)
	at com.LegacyApplication.PageMethods.HomePageMethods.login_as_agency(HomePageMethods.java:29)
	at com.LegacyApplication.LoginPage.TC001_LoginAsAgency.login_as_agency(TC001_LoginAsAgency.java:26)
	at sun.reflect.NativeMethodAccessorImpl.invoke0(Native Method)
	at sun.reflect.NativeMethodAccessorImpl.invoke(NativeMethodAccessorImpl.java:62)
	at sun.reflect.DelegatingMethodAccessorImpl.invoke(DelegatingMethodAccessorImpl.java:43)
	at java.lang.reflect.Method.invoke(Method.java:498)
	at org.testng.internal.MethodInvocationHelper.invokeMethod(MethodInvocationHelper.java:108)
	at org.testng.internal.Invoker.invokeMethod(Invoker.java:661)
	at org.testng.internal.Invoker.invokeTestMethod(Invoker.java:869)
	at org.testng.internal.Invoker.invokeTestMethods(Invoker.java:1193)
	at org.testng.internal.TestMethodWorker.invokeTestMethods(TestMethodWorker.java:126)
	at org.testng.internal.TestMethodWorker.run(TestMethodWorker.java:109)
	at org.testng.TestRunner.privateRun(TestRunner.java:744)
	at org.testng.TestRunner.run(TestRunner.java:602)
	at org.testng.SuiteRunner.runTest(SuiteRunner.java:380)
	at org.testng.SuiteRunner.runSequentially(SuiteRunner.java:375)
	at org.testng.SuiteRunner.privateRun(SuiteRunner.java:340)
	at org.testng.SuiteRunner.run(SuiteRunner.java:289)
	at org.testng.SuiteRunnerWorker.runSuite(SuiteRunnerWorker.java:52)
	at org.testng.SuiteRunnerWorker.run(SuiteRunnerWorker.java:86)
	at org.testng.TestNG.runSuitesSequentially(TestNG.java:1301)
	at org.testng.TestNG.runSuitesLocally(TestNG.java:1226)
	at org.testng.TestNG.runSuites(TestNG.java:1144)
	at org.testng.TestNG.run(TestNG.java:1115)
	at org.testng.remote.AbstractRemoteTestNG.run(AbstractRemoteTestNG.java:132)
	at org.testng.remote.RemoteTestNG.initAndRun(RemoteTestNG.java:230)
	at org.testng.remote.RemoteTestNG.main(RemoteTestNG.java:76)
]]>
            </full-stacktrace>
          </exception> <!-- java.lang.NullPointerException -->
          <reporter-output>
          </reporter-output>
        </test-method> <!-- login_as_agency -->
        <test-method status="PASS" signature="afterMethod(org.testng.ITestResult)[pri:0, instance:com.LegacyApplication.LoginPage.TC001_LoginAsAgency@38c5cc4c]" name="afterMethod" is-config="true" duration-ms="8" started-at="2020-03-07T17:59:53Z" finished-at="2020-03-07T17:59:53Z">
          <params>
            <param index="0">
              <value>
                <![CDATA[[TestResult name=login_as_agency status=FAILURE method=TC001_LoginAsAgency.login_as_agency()[pri:0, instance:com.LegacyApplication.LoginPage.TC001_LoginAsAgency@38c5cc4c] output={null}]]]>
              </value>
            </param>
          </params>
          <reporter-output>
          </reporter-output>
        </test-method> <!-- afterMethod -->
        <test-method status="PASS" signature="teardown()[pri:0, instance:com.LegacyApplication.LoginPage.TC001_LoginAsAgency@38c5cc4c]" name="teardown" is-config="true" duration-ms="803" started-at="2020-03-07T17:59:53Z" finished-at="2020-03-07T17:59:53Z">
          <reporter-output>
          </reporter-output>
        </test-method> <!-- teardown -->
      </class> <!-- com.LegacyApplication.LoginPage.TC001_LoginAsAgency -->
    </test> <!-- Default test -->
  </suite> <!-- Default suite -->
</testng-results>
