<?xml version="1.0" encoding="UTF-8"?>
<!-- Generated by org.testng.reporters.JUnitXMLReporter -->
<testsuite hostname="Aravind" ignored="0" name="Command line test" tests="2" failures="0" timestamp="07 Mar 2020 12:15:55 GMT" time="1.442" errors="0">
  <testcase name="@AfterMethod afterMethod" time="0.0" classname="com.LegacyApplication.TestBase.TestBase">
    <failure type="java.lang.NullPointerException">
      <![CDATA[java.lang.NullPointerException
	at com.LegacyApplication.TestBase.TestBase.capture_screen(TestBase.java:195)
	at com.LegacyApplication.TestBase.TestBase.get_result(TestBase.java:229)
	at com.LegacyApplication.TestBase.TestBase.afterMethod(TestBase.java:267)
... Removed 37 stack frames]]>
    </failure>
  </testcase> <!-- @AfterMethod afterMethod -->
  <testcase name="@AfterClass aftertest" time="0.0" classname="com.LegacyApplication.TestBase.TestBase">
    <skipped/>
  </testcase> <!-- @AfterClass aftertest -->
  <testcase name="@BeforeMethod setup" time="0.0" classname="com.LegacyApplication.TestBase.TestBase">
    <skipped/>
  </testcase> <!-- @BeforeMethod setup -->
  <testcase name="@AfterMethod afterMethod" time="0.0" classname="com.LegacyApplication.TestBase.TestBase">
    <skipped/>
  </testcase> <!-- @AfterMethod afterMethod -->
  <testcase name="@AfterClass aftertest" time="0.0" classname="com.LegacyApplication.TestBase.TestBase">
    <skipped/>
  </testcase> <!-- @AfterClass aftertest -->
  <testcase name="TestingExcel" time="1.384" classname="com.TestingPurpose.TestExcel"/>
  <testcase name="verify_submission_details_information" time="0.012" classname="com.TestingPurpose.TestingPurpose">
    <skipped/>
  </testcase> <!-- verify_submission_details_information -->
</testsuite> <!-- Command line test -->
