<?xml version="1.0" encoding="UTF-8"?>
<!-- Generated by org.testng.reporters.JUnitXMLReporter -->
<testsuite hostname="MCC-RDEVWS10" name="Starr End-End Test" tests="11" failures="0" timestamp="12 Dec 2019 05:12:14 GMT" time="2252.461" errors="0">
  <testcase name="starr_marineSubmission" time="133.726" classname="StarUI.TC091_CreateStarr_MarineArt_Sub">
    <skipped/>
  </testcase> <!-- starr_marineSubmission -->
  <testcase name="starr_marineSubmission" time="209.681" classname="StarUI.TC091_CreateStarr_MarineArt_Sub"/>
  <testcase name="starr_SmallArt_Submission" time="204.725" classname="StarUI.TC092_CreateStarr_SmallMarine_Sub"/>
  <testcase name="states_for_submission" time="140.23" classname="StarUI.TC094_ValidateStates_support">
    <skipped/>
  </testcase> <!-- states_for_submission -->
  <testcase name="states_for_submission" time="97.425" classname="StarUI.TC094_ValidateStates_support"/>
  <testcase name="validate_deuctible" time="425.796" classname="StarUI.TC095_Validate_Deductible"/>
  <testcase name="serviceFeeStateWise" time="233.034" classname="StarUI.TC096_ServiceFeeStateWise"/>
  <testcase name="starr_submissionWithDifferentAddress" time="197.649" classname="StarUI.TC097_CreateSub_Diff_BusinessNmailAddress"/>
  <testcase name="starr_PayNow_payement" time="196.799" classname="StarUI.TC098_Submission_MultiplePaymentOptions"/>
  <testcase name="starr_manualFinance_payement" time="189.507" classname="StarUI.TC098_Submission_MultiplePaymentOptions"/>
  <testcase name="starr_paperlessFinance_payement" time="186.05" classname="StarUI.TC098_Submission_MultiplePaymentOptions"/>
</testsuite> <!-- Starr End-End Test -->
