<?xml version="1.0" encoding="UTF-8"?>
<!-- Generated by org.testng.reporters.JUnitXMLReporter -->
<testsuite hostname="MCC-RDEVWS10" name="End-End Test" tests="9" failures="0" timestamp="5 Nov 2019 11:53:12 GMT" time="6054.657" errors="0">
  <testcase name="setup_flat_brokerfee" time="119.995" classname="com.LegacyApplication.AutoRenewBrokerFee.TC017_ValidateSameFlatBrokerFeeForNewandRenewal">
    <skipped/>
  </testcase> <!-- setup_flat_brokerfee -->
  <testcase name="setup_flat_brokerfee" time="861.237" classname="com.LegacyApplication.AutoRenewBrokerFee.TC017_ValidateSameFlatBrokerFeeForNewandRenewal"/>
  <testcase name="setup_flat_brokerfee" time="792.305" classname="com.LegacyApplication.AutoRenewBrokerFee.TC018_ValidateDifferentFlatBrokerFeeForNewandRenewal"/>
  <testcase name="setup_percentage_brokerfee" time="726.892" classname="com.LegacyApplication.AutoRenewBrokerFee.TC019_ValidateSamePercentageBrokerFeeForNewandRenewal"/>
  <testcase name="setup_percentage_brokerfee" time="744.077" classname="com.LegacyApplication.AutoRenewBrokerFee.TC020_ValidateDifferentPercentageBrokerFeeForNewandRenewal"/>
  <testcase name="setup_tiered_brokerfee" time="764.999" classname="com.LegacyApplication.AutoRenewBrokerFee.TC021_ValidateSameTieredBrokerFeeForNewandRenewal"/>
  <testcase name="setup_tiered_brokerfee" time="774.604" classname="com.LegacyApplication.AutoRenewBrokerFee.TC022_ValidateDifferentTieredBrokerFeeForNewandRenewal"/>
  <testcase name="validate_nodefault_brokerfee" time="416.543" classname="com.LegacyApplication.AutoRenewBrokerFee.TC016_ValidateNoDefaultBrokerFee">
    <skipped/>
  </testcase> <!-- validate_nodefault_brokerfee -->
  <testcase name="validate_nodefault_brokerfee" time="826.436" classname="com.LegacyApplication.AutoRenewBrokerFee.TC016_ValidateNoDefaultBrokerFee">
    <skipped/>
  </testcase> <!-- validate_nodefault_brokerfee -->
</testsuite> <!-- End-End Test -->
