<?xml version="1.0" encoding="UTF-8"?>
<!-- Generated by org.testng.reporters.JUnitXMLReporter -->
<testsuite hostname="MCC-RDEVWS10" name="End-End Test WC" tests="12" failures="0" timestamp="28 Nov 2019 13:33:51 GMT" time="2371.772" errors="0">
  <testcase name="ts01_employer_flow_verify" time="261.256" classname="WorkesrCom_UI.TC110_HappyFlow"/>
  <testcase name="ts02_AMTrust_flow_verify" time="265.065" classname="WorkesrCom_UI.TC110_HappyFlow"/>
  <testcase name="ts03_AMTrust_flow_verify_uptpPayNow" time="219.114" classname="WorkesrCom_UI.TC110_HappyFlow">
    <skipped/>
  </testcase> <!-- ts03_AMTrust_flow_verify_uptpPayNow -->
  <testcase name="ts03_AMTrust_flow_verify_uptpPayNow" time="287.887" classname="WorkesrCom_UI.TC110_HappyFlow"/>
  <testcase name="ts01_Include_OwnersInfo_verify" time="142.262" classname="WorkesrCom_UI.TC108_ReferalConditions"/>
  <testcase name="ts03_exMod_length_verify" time="166.037" classname="WorkesrCom_UI.TC108_ReferalConditions"/>
  <testcase name="ts04_additional_Address_ReferVerify" time="83.628" classname="WorkesrCom_UI.TC108_ReferalConditions">
    <skipped/>
  </testcase> <!-- ts04_additional_Address_ReferVerify -->
  <testcase name="ts04_additional_Address_ReferVerify" time="175.155" classname="WorkesrCom_UI.TC108_ReferalConditions"/>
  <testcase name="ts05_coverageHistory_ReferVerify" time="147.198" classname="WorkesrCom_UI.TC108_ReferalConditions"/>
  <testcase name="ts06_lossInfo_claim3_ReferVerify" time="214.575" classname="WorkesrCom_UI.TC108_ReferalConditions"/>
  <testcase name="ts07_keyWord_ReferVerify" time="150.541" classname="WorkesrCom_UI.TC108_ReferalConditions"/>
  <testcase name="ts02_Include_OwnersInfo_verifyWith_Other" time="212.176" classname="WorkesrCom_UI.TC108_ReferalConditions"/>
</testsuite> <!-- End-End Test WC -->
