<?xml version="1.0" encoding="UTF-8"?>
<!-- Generated by org.testng.reporters.JUnitXMLReporter -->
<testsuite hostname="MCC-RDEVWS10" name="End-End Test" tests="3" failures="0" timestamp="12 Oct 2019 08:56:58 GMT" time="757.585" errors="0">
  <testcase name="ts01_employer_flow_verify" time="261.604" classname="WorkesrCom_UI.TC110_HappyFlow"/>
  <testcase name="ts02_AMTrust_flow_verify" time="232.527" classname="WorkesrCom_UI.TC110_HappyFlow"/>
  <testcase name="ts03_AMTrust_flow_verify_uptpPayNow" time="255.083" classname="WorkesrCom_UI.TC110_HappyFlow"/>
</testsuite> <!-- End-End Test -->
