<?xml version="1.0" encoding="UTF-8"?>
<!-- Generated by org.testng.reporters.JUnitXMLReporter -->
<testsuite hostname="MCC-RDEVWS10" name="End-End Test" tests="16" failures="0" timestamp="18 Feb 2020 13:10:05 GMT" time="4609.387" errors="0">
  <testcase name="ts01_Include_OwnersInfo_verify" time="275.209" classname="WorkesrCom_UI.TC108_ReferalConditions"/>
  <testcase name="ts04_additional_Address_ReferVerify" time="206.244" classname="WorkesrCom_UI.TC108_ReferalConditions"/>
  <testcase name="ts05_coverageHistory_ReferVerify" time="274.44" classname="WorkesrCom_UI.TC108_ReferalConditions"/>
  <testcase name="ts07_keyWord_ReferVerify" time="265.209" classname="WorkesrCom_UI.TC108_ReferalConditions"/>
  <testcase name="ts02_Include_OwnersInfo_verifyWith_Other" time="14.868" classname="WorkesrCom_UI.TC108_ReferalConditions">
    <skipped/>
  </testcase> <!-- ts02_Include_OwnersInfo_verifyWith_Other -->
  <testcase name="ts02_Include_OwnersInfo_verifyWith_Other" time="214.006" classname="WorkesrCom_UI.TC108_ReferalConditions"/>
  <testcase name="ts01_employer_flow_verify" time="319.163" classname="WorkesrCom_UI.TC110_HappyFlow"/>
  <testcase name="ts02_AMTrust_flow_verify" time="372.282" classname="WorkesrCom_UI.TC110_HappyFlow">
    <skipped/>
  </testcase> <!-- ts02_AMTrust_flow_verify -->
  <testcase name="ts02_AMTrust_flow_verify" time="349.552" classname="WorkesrCom_UI.TC110_HappyFlow"/>
  <testcase name="ts03_AMTrust_flow_verify_uptpPayNow" time="369.462" classname="WorkesrCom_UI.TC110_HappyFlow"/>
  <testcase name="ts04_Pie_flow_verify" time="209.376" classname="WorkesrCom_UI.TC110_HappyFlow"/>
  <testcase name="ts01_exMod_referal_AMtrustverify" time="278.837" classname="WorkesrCom_UI.TC114_Xmod_ReferalCheck"/>
  <testcase name="ts02_exMod_EmolyersVerify" time="283.506" classname="WorkesrCom_UI.TC114_Xmod_ReferalCheck"/>
  <testcase name="ts01_employer_flow_verify_InsuranceThing" time="362.47" classname="WorkesrCom_UI.TC115_InsHistoryChangeScenarios"/>
  <testcase name="ts02_AMTrust_flow_verify_InsuranceThing" time="416.031" classname="WorkesrCom_UI.TC115_InsHistoryChangeScenarios"/>
  <testcase name="ts01_employer_flow_verify_InsuranceThing_BOI_test" time="320.165" classname="WorkesrCom_UI.TC115_InsHistoryChangeScenarios"/>
</testsuite> <!-- End-End Test -->
