<?xml version="1.0" encoding="UTF-8"?>
<!-- Generated by org.testng.reporters.JUnitXMLReporter -->
<testsuite hostname="ROC-RDEVWS10" ignored="12" name="End-End Test" tests="13" failures="0" timestamp="23 Apr 2019 11:10:10 GMT" time="4720.251" errors="0">
  <testcase name="review_submissionStatus_SpecialAgency_DirectBill" time="361.829" classname="com.LegacyApplication.NewARProcess.TC071_VerifySubmissionStatus_AgencyBillAutoRenewalBetaCitizens_DirectBill"/>
  <testcase name="review_submissionStatus_SpecialAgency_AgencyFinance" time="377.156" classname="com.LegacyApplication.NewARProcess.TC072_VerifySubmissionStatus_AgencyBillAutoRenewalBetaCitizens_AgencyFinance"/>
  <testcase name="review_submissionStatus_SpecialAgency_AgencyFinance" time="408.96" classname="com.LegacyApplication.NewARProcess.TC073_VerifySubmissionStatus_AgencyBill_PremiumFinance"/>
  <testcase name="review_submissionStatus_NormalAgency_DirectBill" time="396.145" classname="com.LegacyApplication.NewARProcess.TC074_VerifySubmissionStatus_NormalAgency_DirectBill"/>
  <testcase name="review_submissionStatus_NormalAgency_AgencyFinance" time="377.998" classname="com.LegacyApplication.NewARProcess.TC075_VerifySubmissionStatus_NormalAgency_AgencyFinance"/>
  <testcase name="review_submissionStatus_NormalAgency_PremiumFinance" time="344.684" classname="com.LegacyApplication.NewARProcess.TC076_VerifySubmissionStatus_NormalAgency_PremiumFinance"/>
  <testcase name="review_submissionStatus_NormalAgency_DirectBill" time="339.66" classname="com.LegacyApplication.NewARProcess.TC077_VerifyContextOption_NoramlAgencyDirectBill"/>
  <testcase name="review_submissionStatus_NormalAgency_DirectBill" time="334.483" classname="com.LegacyApplication.NewARProcess.TC078_VerifyRenewalInfo_RenewalCreated_DirectBill"/>
  <testcase name="review_submissionStatus_SpecialAgency_DirectBill" time="343.576" classname="com.LegacyApplication.NewARProcess.TC079_VerifyPaymentOption_DirectBill_RenewalPen"/>
  <testcase name="verifySoldStatusandRatingWorksheet" time="376.608" classname="com.LegacyApplication.NewARProcess.TC080_VerifySoldStatusandRatingWorkSheet_BindReqPending"/>
  <testcase name="NormalAgency_RenewalCreated_DirectBillOnlyOption" time="359.886" classname="com.LegacyApplication.NewARProcess.TC081_RenewalCreatedSubmission_BindingDoc_DirectBillOnlyOption"/>
  <testcase name="verify_PaymentOptExists_RenewalSub_AgencyFinance" time="328.386" classname="com.LegacyApplication.NewARProcess.TC082_VerifyPaymentOption_AgencyFin_RenewalPen"/>
  <testcase name="verify_PaymentOptExists_RenewalSub_PremiumFinance" time="345.059" classname="com.LegacyApplication.NewARProcess.TC083_VerifyPaymentOption_PremiumFin_RenewalPen"/>
  <testcase name="@AfterTest teardown" time="0.0" classname="com.LegacyApplication.TestBase.TestBase">
    <ignored/>
  </testcase> <!-- @AfterTest teardown -->
  <testcase name="@AfterTest teardown" time="0.0" classname="com.LegacyApplication.TestBase.TestBase">
    <ignored/>
  </testcase> <!-- @AfterTest teardown -->
  <testcase name="@AfterTest teardown" time="0.0" classname="com.LegacyApplication.TestBase.TestBase">
    <ignored/>
  </testcase> <!-- @AfterTest teardown -->
  <testcase name="@AfterTest teardown" time="0.0" classname="com.LegacyApplication.TestBase.TestBase">
    <ignored/>
  </testcase> <!-- @AfterTest teardown -->
  <testcase name="@AfterTest teardown" time="0.0" classname="com.LegacyApplication.TestBase.TestBase">
    <ignored/>
  </testcase> <!-- @AfterTest teardown -->
  <testcase name="@AfterTest teardown" time="0.0" classname="com.LegacyApplication.TestBase.TestBase">
    <ignored/>
  </testcase> <!-- @AfterTest teardown -->
  <testcase name="@AfterTest teardown" time="0.0" classname="com.LegacyApplication.TestBase.TestBase">
    <ignored/>
  </testcase> <!-- @AfterTest teardown -->
  <testcase name="@AfterTest teardown" time="0.0" classname="com.LegacyApplication.TestBase.TestBase">
    <ignored/>
  </testcase> <!-- @AfterTest teardown -->
  <testcase name="@AfterTest teardown" time="0.0" classname="com.LegacyApplication.TestBase.TestBase">
    <ignored/>
  </testcase> <!-- @AfterTest teardown -->
  <testcase name="@AfterTest teardown" time="0.0" classname="com.LegacyApplication.TestBase.TestBase">
    <ignored/>
  </testcase> <!-- @AfterTest teardown -->
  <testcase name="@AfterTest teardown" time="0.0" classname="com.LegacyApplication.TestBase.TestBase">
    <ignored/>
  </testcase> <!-- @AfterTest teardown -->
  <testcase name="@AfterTest teardown" time="0.0" classname="com.LegacyApplication.TestBase.TestBase">
    <ignored/>
  </testcase> <!-- @AfterTest teardown -->
</testsuite> <!-- End-End Test -->
